<?xml version="1.0" encoding="UTF-8"?>
<coverage generated="1638704443830" clover="3.2.0">
  <project timestamp="1638704443831" name="All files">
    <metrics statements="27" coveredstatements="15" conditionals="10" coveredconditionals="1" methods="7" coveredmethods="3" elements="44" coveredelements="19" complexity="0" loc="27" ncloc="27" packages="2" files="2" classes="2"/>
    <package name="src">
      <metrics statements="16" coveredstatements="6" conditionals="7" coveredconditionals="0" methods="5" coveredmethods="1"/>
      <file name="index.ts" path="/Users/pingxiaopingbuxiao/Desktop/doning/vue-use-request/src/index.ts">
        <metrics statements="16" coveredstatements="6" conditionals="7" coveredconditionals="0" methods="5" coveredmethods="1"/>
        <line num="8" count="1" type="stmt"/>
        <line num="47" count="1" type="stmt"/>
        <line num="50" count="1" type="stmt"/>
        <line num="52" count="1" type="stmt"/>
        <line num="55" count="1" type="stmt"/>
        <line num="56" count="0" type="cond" truecount="0" falsecount="5"/>
        <line num="57" count="0" type="stmt"/>
        <line num="59" count="0" type="stmt"/>
        <line num="63" count="1" type="stmt"/>
        <line num="66" count="0" type="cond" truecount="0" falsecount="2"/>
        <line num="67" count="0" type="stmt"/>
        <line num="68" count="0" type="stmt"/>
        <line num="74" count="0" type="stmt"/>
        <line num="75" count="0" type="stmt"/>
        <line num="76" count="0" type="stmt"/>
        <line num="94" count="0" type="stmt"/>
      </file>
    </package>
    <package name="src.utils">
      <metrics statements="11" coveredstatements="9" conditionals="3" coveredconditionals="1" methods="2" coveredmethods="2"/>
      <file name="index.ts" path="/Users/pingxiaopingbuxiao/Desktop/doning/vue-use-request/src/utils/index.ts">
        <metrics statements="11" coveredstatements="9" conditionals="3" coveredconditionals="1" methods="2" coveredmethods="2"/>
        <line num="14" count="1" type="stmt"/>
        <line num="16" count="2" type="cond" truecount="1" falsecount="1"/>
        <line num="17" count="0" type="stmt"/>
        <line num="22" count="2" type="stmt"/>
        <line num="23" count="2" type="stmt"/>
        <line num="24" count="4" type="stmt"/>
        <line num="25" count="4" type="cond" truecount="0" falsecount="1"/>
        <line num="26" count="0" type="stmt"/>
        <line num="28" count="4" type="stmt"/>
        <line num="29" count="4" type="stmt"/>
        <line num="31" count="2" type="stmt"/>
      </file>
    </package>
  </project>
</coverage>
