{"/Users/pingxiaopingbuxiao/Desktop/doning/vue-use-request/src/index.ts": {"path":"/Users/pingxiaopingbuxiao/Desktop/doning/vue-use-request/src/index.ts","statementMap":{"0":{"start":{"line":8,"column":0},"end":{"line":8,"column":43}},"1":{"start":{"line":47,"column":0},"end":{"line":47,"column":65}},"2":{"start":{"line":50,"column":62},"end":{"line":101,"column":1}},"3":{"start":{"line":52,"column":34},"end":{"line":52,"column":54}},"4":{"start":{"line":55,"column":2},"end":{"line":60,"column":null}},"5":{"start":{"line":56,"column":4},"end":{"line":58,"column":null}},"6":{"start":{"line":57,"column":6},"end":{"line":57,"column":null}},"7":{"start":{"line":59,"column":4},"end":{"line":59,"column":null}},"8":{"start":{"line":63,"column":2},"end":{"line":100,"column":null}},"9":{"start":{"line":66,"column":48},"end":{"line":66,"column":116}},"10":{"start":{"line":67,"column":22},"end":{"line":67,"column":41}},"11":{"start":{"line":68,"column":19},"end":{"line":68,"column":45}},"12":{"start":{"line":74,"column":6},"end":{"line":78,"column":null}},"13":{"start":{"line":75,"column":8},"end":{"line":77,"column":null}},"14":{"start":{"line":76,"column":10},"end":{"line":76,"column":null}},"15":{"start":{"line":94,"column":6},"end":{"line":97,"column":null}},"16":{"start":{"line":50,"column":13},"end":{"line":50,"column":62}}},"fnMap":{"0":{"name":"(anonymous_1)","decl":{"start":{"line":50,"column":62},"end":{"line":50,"column":63}},"loc":{"start":{"line":50,"column":93},"end":{"line":101,"column":1}}},"1":{"name":"(anonymous_2)","decl":{"start":{"line":55,"column":36},"end":{"line":55,"column":37}},"loc":{"start":{"line":55,"column":67},"end":{"line":60,"column":3}}},"2":{"name":"(anonymous_3)","decl":{"start":{"line":65,"column":16},"end":{"line":65,"column":20}},"loc":{"start":{"line":65,"column":81},"end":{"line":98,"column":5}}},"3":{"name":"(anonymous_4)","decl":{"start":{"line":74,"column":16},"end":{"line":74,"column":19}},"loc":{"start":{"line":74,"column":21},"end":{"line":78,"column":7}}},"4":{"name":"(anonymous_5)","decl":{"start":{"line":75,"column":37},"end":{"line":75,"column":40}},"loc":{"start":{"line":75,"column":43},"end":{"line":77,"column":9}}}},"branchMap":{"0":{"loc":{"start":{"line":56,"column":4},"end":{"line":58,"column":null}},"type":"if","locations":[{"start":{"line":56,"column":4},"end":{"line":58,"column":null}}]},"1":{"loc":{"start":{"line":56,"column":8},"end":{"line":56,"column":42}},"type":"cond-expr","locations":[{"start":{"line":56,"column":21},"end":{"line":56,"column":23}},{"start":{"line":56,"column":21},"end":{"line":56,"column":42}}]},"2":{"loc":{"start":{"line":56,"column":8},"end":{"line":56,"column":23}},"type":"binary-expr","locations":[{"start":{"line":56,"column":8},"end":{"line":56,"column":23}},{"start":{"line":56,"column":21},"end":{"line":56,"column":23}}]},"3":{"loc":{"start":{"line":66,"column":48},"end":{"line":66,"column":116}},"type":"cond-expr","locations":[{"start":{"line":66,"column":77},"end":{"line":66,"column":107}},{"start":{"line":66,"column":110},"end":{"line":66,"column":116}}]}},"s":{"0":1,"1":1,"2":1,"3":1,"4":1,"5":0,"6":0,"7":0,"8":1,"9":0,"10":0,"11":0,"12":0,"13":0,"14":0,"15":0,"16":1},"f":{"0":1,"1":0,"2":0,"3":0,"4":0},"b":{"0":[0],"1":[0,0],"2":[0,0],"3":[0,0]}}
,"/Users/pingxiaopingbuxiao/Desktop/doning/vue-use-request/src/utils/index.ts": {"path":"/Users/pingxiaopingbuxiao/Desktop/doning/vue-use-request/src/utils/index.ts","statementMap":{"0":{"start":{"line":14,"column":45},"end":{"line":36,"column":1}},"1":{"start":{"line":16,"column":2},"end":{"line":35,"column":null}},"2":{"start":{"line":17,"column":4},"end":{"line":20,"column":null}},"3":{"start":{"line":22,"column":20},"end":{"line":22,"column":43}},"4":{"start":{"line":23,"column":19},"end":{"line":30,"column":6}},"5":{"start":{"line":24,"column":20},"end":{"line":24,"column":52}},"6":{"start":{"line":25,"column":6},"end":{"line":27,"column":null}},"7":{"start":{"line":26,"column":8},"end":{"line":26,"column":null}},"8":{"start":{"line":28,"column":6},"end":{"line":28,"column":null}},"9":{"start":{"line":29,"column":6},"end":{"line":29,"column":null}},"10":{"start":{"line":31,"column":4},"end":{"line":34,"column":null}},"11":{"start":{"line":14,"column":13},"end":{"line":14,"column":45}}},"fnMap":{"0":{"name":"(anonymous_0)","decl":{"start":{"line":14,"column":45},"end":{"line":14,"column":46}},"loc":{"start":{"line":14,"column":59},"end":{"line":36,"column":1}}},"1":{"name":"(anonymous_1)","decl":{"start":{"line":23,"column":42},"end":{"line":23,"column":43}},"loc":{"start":{"line":23,"column":72},"end":{"line":30,"column":5}}}},"branchMap":{"0":{"loc":{"start":{"line":16,"column":2},"end":{"line":35,"column":null}},"type":"if","locations":[{"start":{"line":16,"column":2},"end":{"line":35,"column":null}},{"start":{"line":21,"column":9},"end":{"line":35,"column":null}}]},"1":{"loc":{"start":{"line":25,"column":6},"end":{"line":27,"column":null}},"type":"if","locations":[{"start":{"line":25,"column":6},"end":{"line":27,"column":null}}]}},"s":{"0":1,"1":2,"2":0,"3":2,"4":2,"5":4,"6":4,"7":0,"8":4,"9":4,"10":2,"11":1},"f":{"0":2,"1":4},"b":{"0":[0,2],"1":[0]}}
}
