TN:
SF:src/index.ts
FN:50,(anonymous_1)
FN:55,(anonymous_2)
FN:65,(anonymous_3)
FN:74,(anonymous_4)
FN:75,(anonymous_5)
FNF:5
FNH:1
FNDA:1,(anonymous_1)
FNDA:0,(anonymous_2)
FNDA:0,(anonymous_3)
FNDA:0,(anonymous_4)
FNDA:0,(anonymous_5)
DA:8,1
DA:47,1
DA:50,1
DA:52,1
DA:55,1
DA:56,0
DA:57,0
DA:59,0
DA:63,1
DA:66,0
DA:67,0
DA:68,0
DA:74,0
DA:75,0
DA:76,0
DA:94,0
LF:16
LH:6
BRDA:56,0,0,0
BRDA:56,1,0,0
BRDA:56,1,1,0
BRDA:56,2,0,0
BRDA:56,2,1,0
BRDA:66,3,0,0
BRDA:66,3,1,0
BRF:7
BRH:0
end_of_record
TN:
SF:src/utils/index.ts
FN:14,(anonymous_0)
FN:23,(anonymous_1)
FNF:2
FNH:2
FNDA:2,(anonymous_0)
FNDA:4,(anonymous_1)
DA:14,1
DA:16,2
DA:17,0
DA:22,2
DA:23,2
DA:24,4
DA:25,4
DA:26,0
DA:28,4
DA:29,4
DA:31,2
LF:11
LH:9
BRDA:16,0,0,0
BRDA:16,0,1,2
BRDA:25,1,0,0
BRF:3
BRH:1
end_of_record
